time="2024-12-18T12:54:18Z" level=info msg="Traefik version 2.10.4 built on 2023-07-24T16:29:02Z"
time="2024-12-18T12:54:18Z" level=debug msg="Static configuration loaded {\"global\":{\"checkNewVersion\":true},\"serversTransport\":{\"maxIdleConnsPerHost\":200},\"entryPoints\":{\"web\":{\"address\":\":8080\",\"transport\":{\"lifeCycle\":{\"graceTimeOut\":\"10s\"},\"respondingTimeouts\":{\"idleTimeout\":\"3m0s\"}},\"forwardedHeaders\":{},\"http\":{},\"http2\":{\"maxConcurrentStreams\":250},\"udp\":{\"timeout\":\"3s\"}},\"websecure\":{\"address\":\":8443\",\"transport\":{\"lifeCycle\":{\"graceTimeOut\":\"10s\"},\"respondingTimeouts\":{\"idleTimeout\":\"3m0s\"}},\"forwardedHeaders\":{},\"http\":{},\"http2\":{\"maxConcurrentStreams\":250},\"udp\":{\"timeout\":\"3s\"}}},\"providers\":{\"providersThrottleDuration\":\"2s\",\"docker\":{\"watch\":true,\"endpoint\":\"unix:///var/run/docker.sock\",\"defaultRule\":\"Host(`{{ normalize .Name }}`)\",\"swarmModeRefreshSeconds\":\"15s\"}},\"api\":{\"dashboard\":true},\"log\":{\"level\":\"DEBUG\",\"filePath\":\"/var/log/traefik/traefik.log\",\"format\":\"common\"},\"certificatesResolvers\":{\"myresolver\":{\"acme\":{\"email\":\"your-email@example.com\",\"caServer\":\"https://acme-v02.api.letsencrypt.org/directory\",\"storage\":\"acme.json\",\"keyType\":\"RSA4096\",\"certificatesDuration\":2160,\"tlsChallenge\":{}}}}}"
time="2024-12-18T12:54:18Z" level=info msg="\nStats collection is disabled.\nHelp us improve Traefik by turning this feature on :)\nMore details on: https://doc.traefik.io/traefik/contributing/data-collection/\n"
time="2024-12-18T12:54:18Z" level=info msg="Starting provider aggregator aggregator.ProviderAggregator"
time="2024-12-18T12:54:18Z" level=debug msg="Starting TCP Server" entryPointName=websecure
time="2024-12-18T12:54:18Z" level=debug msg="Starting TCP Server" entryPointName=web
time="2024-12-18T12:54:18Z" level=info msg="Starting provider *docker.Provider"
time="2024-12-18T12:54:18Z" level=info msg="Starting provider *acme.ChallengeTLSALPN"
time="2024-12-18T12:54:18Z" level=debug msg="*acme.ChallengeTLSALPN provider configuration: {}"
time="2024-12-18T12:54:18Z" level=debug msg="*docker.Provider provider configuration: {\"watch\":true,\"endpoint\":\"unix:///var/run/docker.sock\",\"defaultRule\":\"Host(`{{ normalize .Name }}`)\",\"swarmModeRefreshSeconds\":\"15s\"}"
time="2024-12-18T12:54:18Z" level=info msg="Starting provider *traefik.Provider"
time="2024-12-18T12:54:18Z" level=debug msg="*traefik.Provider provider configuration: {}"
time="2024-12-18T12:54:18Z" level=info msg="Starting provider *acme.Provider"
time="2024-12-18T12:54:18Z" level=debug msg="*acme.Provider provider configuration: {\"email\":\"your-email@example.com\",\"caServer\":\"https://acme-v02.api.letsencrypt.org/directory\",\"storage\":\"acme.json\",\"keyType\":\"RSA4096\",\"certificatesDuration\":2160,\"tlsChallenge\":{},\"ResolverName\":\"myresolver\",\"store\":{},\"TLSChallengeProvider\":{},\"HTTPChallengeProvider\":{}}"
time="2024-12-18T12:54:18Z" level=debug msg="Attempt to renew certificates \"720h0m0s\" before expiry and check every \"24h0m0s\"" providerName=myresolver.acme ACME CA="https://acme-v02.api.letsencrypt.org/directory"
time="2024-12-18T12:54:18Z" level=info msg="Testing certificate renew..." providerName=myresolver.acme ACME CA="https://acme-v02.api.letsencrypt.org/directory"
time="2024-12-18T12:54:18Z" level=debug msg="Configuration received: {\"http\":{\"services\":{\"api\":{},\"dashboard\":{},\"noop\":{}},\"serversTransports\":{\"default\":{\"maxIdleConnsPerHost\":200}}},\"tcp\":{},\"udp\":{},\"tls\":{}}" providerName=internal
time="2024-12-18T12:54:18Z" level=debug msg="Configuration received: {\"http\":{},\"tcp\":{},\"udp\":{},\"tls\":{}}" providerName=myresolver.acme
time="2024-12-18T12:54:18Z" level=debug msg="Provider connection established with docker 27.3.1 (API 1.47)" providerName=docker
time="2024-12-18T12:54:18Z" level=debug msg="Filtering disabled container" providerName=docker container=web-150f79a4-170d-2fec-507f-a61959ac62fc-8ff31131347870919821984ba293837d585c4e8793693f62ef4bbca6c6b2df24
time="2024-12-18T12:54:18Z" level=debug msg="Filtering disabled container" container=minio1-fef582201e3834fce6b303fcfb1a6ab753bcb414b8a3389e2071866a4d827cf3 providerName=docker
time="2024-12-18T12:54:18Z" level=debug msg="Filtering disabled container" providerName=docker container=minio3-f2eab331a925317da3ed117de85a1fc20240b2c16acb141ce2d5978d427cc772
time="2024-12-18T12:54:18Z" level=debug msg="Filtering disabled container" container=minio2-76cf624f4b9d8ef74607c29c22d8d39837f4885f19e5b0f5c45d4b15ed5904a1 providerName=docker
time="2024-12-18T12:54:18Z" level=debug msg="Configuration received: {\"http\":{\"routers\":{\"api\":{\"entryPoints\":[\"websecure\"],\"service\":\"api@internal\",\"rule\":\"Host(`traefik.example.com`)\",\"tls\":{}}},\"services\":{\"traefik-proxy-traefik\":{\"loadBalancer\":{\"servers\":[{\"url\":\"http://172.18.0.2:80\"}],\"passHostHeader\":true}}}},\"tcp\":{},\"udp\":{}}" providerName=docker
time="2024-12-18T12:54:19Z" level=debug msg="No default certificate, fallback to the internal generated certificate" tlsStoreName=default
time="2024-12-18T12:54:19Z" level=debug msg="No default certificate, fallback to the internal generated certificate" tlsStoreName=default
time="2024-12-18T12:54:19Z" level=debug msg="Added outgoing tracing middleware api@internal" routerName=api@docker middlewareName=tracing middlewareType=TracingForwarder entryPointName=websecure
time="2024-12-18T12:54:19Z" level=debug msg="Creating middleware" middlewareType=Recovery entryPointName=websecure middlewareName=traefik-internal-recovery
time="2024-12-18T12:54:19Z" level=debug msg="Adding route for traefik.example.com with TLS options default" entryPointName=websecure
time="2024-12-18T12:57:50Z" level=debug msg="Serving default certificate for request: \"localhost\""
time="2024-12-18T12:57:50Z" level=debug msg="Serving default certificate for request: \"localhost\""
time="2024-12-18T12:57:50Z" level=debug msg="http: TLS handshake error from 172.18.0.1:60386: remote error: tls: bad certificate"
time="2024-12-18T12:57:50Z" level=debug msg="http: TLS handshake error from 172.18.0.1:60396: remote error: tls: bad certificate"
time="2024-12-18T12:57:54Z" level=debug msg="Serving default certificate for request: \"localhost\""
time="2024-12-18T13:04:21Z" level=warning msg="A new release has been found: 3.2.3. Please consider updating."
time="2024-12-18T13:07:00Z" level=info msg="I have to go..."
time="2024-12-18T13:07:00Z" level=info msg="Stopping server gracefully"
time="2024-12-18T13:07:00Z" level=debug msg="Waiting 10s seconds before killing connections." entryPointName=websecure
time="2024-12-18T13:07:00Z" level=debug msg="Waiting 10s seconds before killing connections." entryPointName=web
time="2024-12-18T13:07:00Z" level=error msg="accept tcp [::]:8443: use of closed network connection" entryPointName=websecure
time="2024-12-18T13:07:00Z" level=error msg="accept tcp [::]:8080: use of closed network connection" entryPointName=web
time="2024-12-18T13:07:00Z" level=error msg="close tcp [::]:8443: use of closed network connection" entryPointName=websecure
time="2024-12-18T13:07:00Z" level=debug msg="Entry point websecure closed" entryPointName=websecure
time="2024-12-18T13:07:00Z" level=error msg="close tcp [::]:8080: use of closed network connection" entryPointName=web
time="2024-12-18T13:07:00Z" level=debug msg="Entry point web closed" entryPointName=web
time="2024-12-18T13:07:00Z" level=info msg="Server stopped"
time="2024-12-18T13:07:00Z" level=info msg="Shutting down"
